[   0.000000] Linux version 4.15.0-33-generic (buildd@lcy01-amd64-024) (gcc version 7.3.0 (Ubuntu 7.3.0-16ubuntu3)) #36-Ubuntu SMP Wed Aug 15 16:00:05 UTC 2018 (Ubuntu 4.15.0-33.36-generic 4.15.8)
[    0.000000] Command line: BOOT_IMAGE=/boot/vmlinuz-4.15.0-33-generic root=LABEL=cloudimg-rootfs ro console=tty1 console=ttyS0
[    0.000000] KERNEL supported cpus:
[    0.000000]   Intel GenuineIntel
[    0.000000]   AMD AuthenticAMD
[    0.000000]   Centaur CentaurHauls
[    0.000000] x86/fpu: Supporting XSAVE feature 0x001: 'x87 floating point registers'
[    0.000000] x86/fpu: Supporting XSAVE feature 0x002: 'SSE registers'
[    0.000000] x86/fpu: Supporting XSAVE feature 0x004: 'AVX registers'
[    0.000000] x86/fpu: xstate_offset[2]:  576, xstate_sizes[2]:  256
[    0.000000] x86/fpu: Enabled xstate features 0x7, context size is 832 bytes, using 'standard' format.
[    0.000000] e820: BIOS-provided physical RAM map:
[    0.000000] BIOS-e820: [mem 0x0000000000000000-0x000000000009fbff] usable
[    0.000000] BIOS-e820: [mem 0x000000000009fc00-0x000000000009ffff] reserved
[    0.000000] BIOS-e820: [mem 0x00000000000f0000-0x00000000000fffff] reserved
[    0.000000] BIOS-e820: [mem 0x0000000000100000-0x000000003ffeffff] usable
[    0.000000] BIOS-e820: [mem 0x000000003fff0000-0x000000003fffffff] ACPI data
[    0.000000] BIOS-e820: [mem 0x00000000fec00000-0x00000000fec00fff] reserved
[    0.000000] BIOS-e820: [mem 0x00000000fee00000-0x00000000fee00fff] reserved
[    0.000000] BIOS-e820: [mem 0x00000000fffc0000-0x00000000ffffffff] reserved
[    0.000000] NX (Execute Disable) protection: active
[    0.000000] SMBIOS 2.5 present.
[    0.000000] DMI: innotek GmbH VirtualBox/VirtualBox, BIOS VirtualBox 12/01/2006
[    0.000000] Hypervisor detected: KVM
[    0.000000] e820: last_pfn = 0x3fff0 max_arch_fn = 0x400000000
[    0.000000] MTRR: Disabled
[    0.000000] x86/PAT: MTRRs diabled, skipping PAT initialization too.
[    0.000000] CPU MTRRs all blank - virtualized system.
[    0.000000] x86/PAT: Configuration [0-7]: WB  WT  UC- UC  WB  WT  UC- UC  
[    0.000000] found SMP MP-table at [mem 0x0009fff0-0x009ffff] mapped at [        (ptrval)]
[    0.000000] Scanning 1 areas for low memory corruption
[    0.000000] RAMDISK: [mem 0x35ae5000-0x36d69fff]
[    0.000000] ACPI: Early table cheksum verification disabled
[    0.000000] ACPI: RSDP 0x00000000000E0000 000024 (v02 VBOX  )
[    0.000000] ACPI: XSDT 0x000000003FFF0030 00003C (v01 VBOX   VBOXXSDT 00000001 ASL  00000061)
[    0.000000] ACPI: FACP 0x000000003FFF00F0 0000F4 (v04 VBOX   VBOXFACP 00000001 ASL  00000061)
[    0.000000] ACPI: DSDT 0x000000003FFF0470 0021FF (v02 VBOX   VBOXBIOS 00000002 INTL 20100528)
[    0.000000] ACPI: FACS 0x000000003FFF0200 000040
[    0.000000] ACPI: FACS 0x000000003FFF0200 000040
[    0.000000] ACPI: APIC 0x000000003FFF0240 00005C (v02 VBOX   VBOXAPIC 00000001 ASL  00000061)
[    0.000000] ACPI: SSDT 0x000000003FFF02A0 0001CC (v01 VBOX   VBOXCPUT 00000002 INTL 20100528)
[    0.000000] No NUMA configuration found
[    0.000000] Faking a node at [mem 0x0000000000000000-0x000000003ffeffff]
[    0.000000] NODE_DATA(0) allocated [mem 0x3ffc5000-0x3ffeffff]
[    0.000000] kvm-clock: cpu 0, msr 0:3ff44001, primary cpu clock
[    0.000000] kvm-clock: Using msrs 4b564d01 and 4b564d00
[    0.000000] kvm-clock: using sched offset of 5616335803 cycles
[    0.000000] clocksource: kvm-clock: mask: 0xffffffffffffffff max_cycles: 0x1cd42e4dffb, max_idle_ns: 881590591483 ns
[    0.000000] Zone ranges:
[    0.000000]   DMA      [mem 0x0000000000001000-0x0000000000ffffff]
[    0.000000]   DMA32    [mem 0x000000001000000-0x000000003ffeffff]
[    0.000000]   Normal   empty
[    0.000000]   Device   empty
[    0.000000] Movable zone start for each node
[    0.000000] Early memory node ranges
[    0.000000]   node   0: [mem 0x0000000000001000-0x000000000009efff]
[    0.000000]   node   0: [mem 0x0000000000100000-0x000000003ffeffff]
[    0.000000] Initmem setup node 0 [mem 0x0000000000001000-0x000000003ffeffff]
[    000000]Reserved but unavailable: 98 pages
[    0.000000] ACPI: PM-Timer IO Port: 0x4008
[    0.000000] IOAPIC[0]: apic_id 2, version 32, address 0xfec00000, GSI 0-23
[    0.000000] ACPI: INT_SRC_OVR (bus 0 bus_irq 0 global_irq 2 dfl dfl)
[    0.000000] ACPI: INT_SRC_OVR (bus 0 bus_irq 9 global_irq 9 low level)
[    0.000000] Using ACPI (MADT) for SMP configuration information
[    0.000000] smpboot: Allowing 2 CPUs, 0 hotplug CPUs
[    0.000000] PM: Registered nosave memory: [mem 0x00000000-0x00000fff]
[    0.000000] PM: Registered nosave memory: [mem 0x0009f000-0x0009ffff]
[    0.000000] PM: Regitered nosave memory: [mem 0x000a0000-0x000effff]
[    0.000000] PM: Registered nosave memory: [mem 0x000f0000-0x000fffff]
[    0.000000] e820: [mem 0x40000000-0xfebfffff] available for PCI devices
[    0.000000] Booting paravirtualized kernel on KVM
[    0.000000] clocksource: refined-jiffies: mask: 0xfffffff max_cycles: 0xfffffff, mx_idle_ns: 7645519600211568 ns
[    0.000000] random: get_random_bytes called from start_kernel+0x99/0x4fd with crng_init=0
[    0.000000] setup_percpu: NR_CPUS:8192 nr_puask_bits:2 nr_cpu_ids:2 nr_node_ids:1
[    0.000000] percpu: Embedded 46 pages/cpu @        (ptrval) s151552 r8192 d28672 u1048576
[    0.000000] PV qspinlock hash table entries: 256 (orde: 0, 4096 bytes)
[    0.000000] Built 1 zonelists, mobility grouping on.  Total pages: 257913
[    0.000000] Policy zone: DMA32
[    0.000000] Kernel command line: BOOT_IMAGE=/boot/vmlnuz-4.15.0-33-generic root=LABEL=cloudimg-rootfs ro console=tty1 console=ttyS0
[    0.000000] Memory: 983620K/1048120K available (12300K kernel code, 2470K rwdata, 4244K rodata, 2408K init, 2416K bss, 64500K reserved, 0K cma-reserve)
[    0.000000] SLUB: HWalign=64, Order=0-3, MinObjects=0, CPUs=2, Nodes=1
[    0.000000] Kernel/User page tables isolation: enabled
[    0.000000] ftrace: allocating 39121 entries in 153 pages
[    0.004000] Hierarchical RCU implementation.
[    0.004000] 	RCU restricting CPUs from NR_CPUS=8192 to nr_cpu_ids=2.
[    0.004000] 	Tasks RCU enabled.
[    0.004000] RCU: Adjusting geometry for rcu_fanout_leaf=16, nr_cpu_ids=2
[    0.004000] NR_IRQS: 524544, nr_irqs: 440, preallocated irqs: 16
[    0.004000] Console: colour VGA+ 80x25
[    0.004000] console [tty1] enabled
[    0.004000] console [ttyS0] enabled
[    0.004000] ACPI: Core revision 20170831
[    0.004000] ACPI: 2 ACPI AML tables succesfully cquired and loaded
[    0.004000] APIC: Switch to symmetric I/O mode setup
[    0.004000] x2apic enabled
[    0.004000] Switched APIC routing to physical x2apic.
[    0.004000] ..TIMER: vector=0x30 apic1=0 pin1=2 apic2=-1 pin2=-1
[    0.004006] tsc: Detected 2494.332 MHz processor
[    0.005176] Calibrating delay loop (skipped) preset value.. 4988.66 BogoMIPS (lpj=9977328)
[    0.008007] pid_max: default: 32768 minimum: 301
[    0.009114] Security Framework initialized
[    0.010078] Yama: becoming mindful.
[    0.012032] AppArmor: AppArmor initialized
[    0.016000] Dentry cache hash table entries: 131072 (order: 8, 1048576 bytes)
[    0.016101] Inode-cache hash table entries: 65536 (order: 7, 524288 bytes)
[    0.020042] Mount-cache hash table entries: 2048 (order: 2, 16384 bytes)
[    0.024007] Mountpoint-cache hash table entries: 2048 (order: 2, 16384 bytes)
[    0.028253] mce: CPU supports 0 MCE banks
[    0.029219] Last level iTLB entries: 4KB 512, 2MB 8, 4MB 8
[    0.032009] Last level dTLB entries: 4KB 512, 2MB 32, 4MB 32, 1GB 0
[    0.036008] Spectre V2 : Mitigation: Full generic retpoline
[    0.040003] Speculative Store Bypass: Vulnerable
[    0.044152] Freeing SMP alternatives memory: 36K
[    0.052000] smpboot: CPU0: Intel(R) Core(TM) i7-3537U CPU @ 2.00GHz (family: 0x6, model: 0x3a, stepping: 0x9)
[    0.052132] Performance Events: unsupported p6 CPU model 58 no PMU driver, software events only.
[    0.056085] Hierarchical SRCU implementation.
[    0.060826] NMI watchdog: Perf event create on CPU 0 failed with -2
[    0.064008] NMI watchdog: Perf NMI watchdog permanently disabled
[    0.068093] smp: Bringing up secondary CPUs ...
[    0.072112] x86: Booting SMP configuration:
[    0.076011] .... node  #0, CPUs:      #1
[    0.004000] kvm-clock: cpu 1, msr 0:3ff44041, secondary cpu clock
[    0.004000] mce: CPU supports 0 MCE banks
[    0.094583] smp: Brought up 1 node, 2 CPUs
[    0.096010] smpboot: Max logical packages: 1
[    0.100010] smpboot: Total of 2 processors activated (9977.32 BogoMIPS)
[    0.108156] devtmpfs: initialized
[    0.109108] x86/mm: Memory block size: 128MB
[    0.110365] evm: security.selinux
[    0.111237] evm: security.SMACK64
[    0.112005] evm: security.SMACK64EXEC
[    0.112846] evm: security.SMACK64TRANSMUTE
[    0.113808] evm: security.SMACK64MMAP
[    0.114877] evm: security.apparmor
[    0.116008] evm: security.ima
[    0.120002] evm: security.capability
[    0.121071] clocksource: jiffies: mask: 0xffffffff max_cycles: 0xffffffff, max_idle_ns: 7645041785100000 ns
[    0.124020] futex hash table entries: 512 (order: 3, 32768 bytes)
[    0.125514] pinctrl core: initialized pinctrl subsystem
[    0.128172] RTC time: 11:09:35, date: 09/12/18
[    0.132247] NET: Registered protocol family 16
[    0.133456] audit: initializing netlink subsys (disabled)
[    0.134811] audit: type=2000 audit(1536750581.414:1): state=initialized audit_enabled=0 res=1
[    0.136010] cpuidle: using governor ladder
[    0.137126] cpuidle: using governor menu
[    0.140084] ACPI: bus type PCI registered
[    0.144008] acpiphp: ACPI Hot Plug PCI Controller Driver version: 0.5
[    0.148171] PCI: Using configuration type 1 for base access
[    0.152080] HugeTLB registered 2.00 MiB page size, pre-allocated 0 pages
[    0.156131] ACPI: Added _OSI(Module Device)
[    0.157215] ACPI: Added _OSI(Processor Device)
[    0.160015] ACPI: Added _OSI(3.0 _SCP Extensions)
[    0.161355] ACPI: Added _OSI(Processor Aggregator Device)
[    0.162907] ACPI: Added _OSI(Linux-Dell-Video)
[    0.164363] ACPI: Executed 1 blocks of module-level executable AML code
[    0.169631] ACPI: Interpreter enabled
[    0.172023] ACPI: (supports S0 S5)
[    0.173020] ACPI: Using IOAPIC for interrupt routing
[    0.176515] PCI: Using host bridge windows from ACPI; if necessary, use "pci=nocrs" and report a bug
[    0.180285] ACPI: Enabled 2 GPEs in block 00 to 07
[    0.190174] ACPI: PCI Root Bridge [PCI0] (domain 0000 [bus 00-ff])
[    0.192021] acpi PNP0A03:00: _OSC: OS supports [ASPM ClockPM Segments MSI]
[    0.196054] acpi PNP0A03:00: _OSC: not requesting OS control; OS requires [ExtendedConfig ASPM ClockPM MSI]
[    0.198322] acpi PNP0A03:00: fail to add MMCONFIG information, can't access extended PCI configuration space under this bridge.
[    0.200436] PCI host bridge to bus 0000:00
[    0.201406] pci_bus 0000:00: root bus resource [io  0x0000-0x0cf7 window]
[    0.202952] pci_bus 0000:00: root bus resource [io  0x0d00-0xffff window]
[    0.204004] pci_bus 0000:00: root bus resource [mem 0x000a0000-0x000bffff window]
[    0.205726] pci_bus 0000:00: root bus resource [mem 0x40000000-0xfdffffff window]
[    0.208004] pci_bus 0000:00: root bus resource [bus 00-ff]
[    0.212377] pci 0000:00:01.1: legacy IDE quirk: reg 0x10: [io  0x01f0-0x01f7]
[    0.215136] pci 0000:00:01.1: legacy IDE quirk: reg 0x14: [io  0x03f6]
[    0.216005] pci 0000:00:01.1: legacy IDE quirk: reg 0x18: [io  0x0170-0x0177]
[    0.217657] pci 0000:00:01.1: legacy IDE quirk: reg 0x1c: [io  0x0376]
[    0.235844] pci 0000:00:07.0: quirk: [io  0x4000-0x403f] claimed by PIIX4 ACPI
[    0.236027] pci 0000:00:07.0: quirk: [io  0x4100-0x410f] claimed by PIIX4 SMB
[    0.250819] ACPI: PCI Interrupt Link [LNKA] (IRQs 5 9 10 *11)
[    0.252423] ACPI: PCI Interrupt Link [LNKB] (IRQs 5 9 *10 11)
[    0.253888] ACPI: PCI Interrupt Link [LNKC] (IRQs 5 *9 10 11)
[    0.256151] ACPI: PCI Interrupt Link [LNKD] (IRQs 5 9 10 *11)
[    0.257795] SCSI subsystem initialized
[    0.258763] pci 0000:00:02.0: vgaarb: setting as boot VGA device
[    0.258763] pci 0000:00:02.0: vgaarb: VGA device added: decodes=io+mem,owns=io+mem,locks=none
[    0.260012] pci 0000:00:02.0: vgaarb: bridge control possible
[    0.264003] vgaarb: loaded
[    0.264870] ACPI: bus type USB registered
[    0.266108] usbcore: registered new interface driver usbfs
[    0.268017] usbcore: registered new interface driver hub
[    0.269506] usbcore: registered new device driver usb
[    0.272033] EDAC MC: Ver: 3.0.0
[    0.273403] PCI: Using ACPI for IRQ routing
[    0.280202] NetLabel: Initializing
[    0.281086] NetLabel:  domain hash size = 128
[    0.282156] NetLabel:  protocols = UNLABELED CIPSOv4 CALIPSO
[    0.283740] NetLabel:  unlabeled traffic allowed by default
[    0.284112] clocksource: Switched to clocksource kvm-clock
[   0.307346] VFS: Disk quotas dquot_6.6.0
[    0.336322] VFS: Dquot-cache hash table entries: 512 orer 0, 096 bytes)
[    0.422134] AppArmor: AppArmor Filesystem Enabled
[    0.42352] pnp: PnP ACPI init
[   .4580]pn: PnP ACPI: found 3 devices

[   .61056] clocksource: acpi_pm: mask: 0xffffff max_cycles: 0xffffff, max_idle_ns: 2085701024 ns
[    0.748196] NET: Registered protocol family 2
[   0.5115] TCP established hash table entries: 8192 (order: 4, 65536 bytes)

[    0.838123] TCP bind hash table entries: 8192 (order: 5, 131072 bytes)
[   .8615]TC: Hash tables configured (established 8192 bind 892)
[    1.040380] UDP hash table entries: 512 (order: 2, 16384 bytes)
[    1.042060] UDP-Lite hash table entries: 512 (order: 2, 16384 bytes)
[    1.043892] NET: Registered protocol family 1
[    1.045227] pci 0000:00:00.0: Limiting direct PCI/PCI transfers
[    1.046930] pci 0000:00:01.0: Activating ISA DMA hang workarounds
[    1.048746] pci 0000:00:02.0: Video device with shadowed ROM at [mem 0x000c0000-0x000dffff]
[    1.051261] Unpacking initramfs...

[    1.440432] Freeing initrd memory: 18964K
[    1.454591] platform rtc_cmos: registered platform RTC device (no PNP device found)
[    1.456318] Scanning for low memory corruption every 60 seconds
[    1.458416] Initialise system trusted keyrings
[    1.465375] Key type blacklist registered
[    1.466618] workingset: timestamp_bits=36 max_order=18 bucket_order=0
[    1.469723] zbud: loaded
[    1.473794] squashfs: version 4.0 (2009/01/31) Phillip Lougher
[    1.475642] fuse init (API version 7.26)
[    1.479765] Key type asymmetric registered
[    1.482147] Asymmetric key parser 'x509' registered
[    1.483394] Block layer SCSI generic (bsg) driver version 0.4 loaded (major 246)
[    1.490824] io scheduler noop registered
[    1.494740] io scheduler deadline registered
[    1.495961] io scheduler cfq registered (default)
[    1.497607] ACPI: AC Adapter [AC] (on-line)
[    1.505384] input: Power Button as /devices/LNXSYSTM:00/LNXPWRBN:00/input/input0
[    1.507476] ACPI: Power Button [PWRF]
[    1.508700] input: Sleep Button as /devices/LNXSYSTM:00/LNXSLPBN:00/input/input1
[    1.510507] ACPI: Sleep Button [SLPF]
[    1.512816] ACPI: Battery Slot [BAT0] (battery present)
[    1.515815] Serial: 8250/16550 driver, 32 ports, IRQ sharing enabled
[    1.540992] 00:02: ttyS0 at I/O 0x3f8 (irq = 4, base_baud = 115200) is a 16550A
[    1.554638Liuxaggat interface v0.103
[    1.749242] loop: module loaded
[    1.761039] scsi host0: ata_piix
[    1.769516] scsi host1: ata_piix
[    1.770344] ata1: PATA max UDMA/33 cmd 0x1f0 ctl 0x3f6 bmdma 0xd000 irq 14
[    1.772066] ata2: PATA max UDMA/33 cmd 0x170 ctl 0x376 bmdma 0xd008 irq 15
[    1.785962] libphy: Fixed MDIO Bus: probed
[    1.787039] tun: Universal TUN/TAP device driver, 1.6
[    1.788696] PPP generic driver version 2.4.2
[    1.790061] ehci_hcd: USB 2.0 'Enhanced' Host Controller (EHCI) Driver
[    1.795491] ehci-pci: EHCI PCI platform driver
[    1.796614] ehci-platform: EHCI generic platform driver
[    1.798119] ohci_hcd: USB 1.1 'Open' Host Controller (OHCI) Driver
[    1.799837] ohci-pci: OHCI PCI platform driver
[    1.801190] ohci-platform: OHCI generic platform driver
[    1.808250] uhci_hcd: USB Universal Host Controller Interface driver
[    1.819870] i8042: PNP: PS/2 Controller [PNP0303:PS2K,PNP0f03:PS2M] at 0x60,0x64 irq 1,12
[    1.839170] serio: i8042 KBD port at 0x60,0x64 irq 1
[    1.847881] serio: i8042 AUX port at 0x60,0x64 irq 12
[    1.849421] mousedev: PS/2 mouse device common for all mice
[    1.851560] rtc_cmos rtc_cmos: rtc core: registered rtc_cmos as rtc0
[    1.853185] input: AT Translated Set 2 keyboard as /devices/platform/i8042/serio0/input/input2
[    1.855541] rtc_cmos rtc_cmos: alarms up to one day, 114 bytes nvram
[    1.857185] i2c /dev entries driver
[    1.858173] device-mapper: uevent: version 1.0.3
[    1.859468] device-mapper: ioctl: 4.37.0-ioctl (2017-09-20) initialised: dm-devel@redhat.com
[    1.866453] ledtrig-cpu: registered to indicate activity on CPUs
[    1.868381] NET: Registered protocol family 10
[    1.873816] Segment Routing with IPv6
[    1.876909] NET: Registered protocol family 17
[    1.878028] Key type dns_resolver registered
[    1.897609] RAS: Correctable Errors collector initialized.
[    1.899106] sched_clock: Marking stable (1897568076, 0)->(3524728006, -1627159930)
[    1.901774] registered taskstats version 1
[    1.902756] Loading compiled-in X.509 certificates
[    1.923500] Loaded X.509 cert 'Build time autogenerated kernel key: b2b2adbda3eef7b219e699c1b87c022096150517'
[    1.939710] zswap: loaded using pool lzo/zbud
[    1.946104] Key type big_key registered
[    1.957087] Key type trusted registered
[    1.959882] Key type encrypted registered
[    1.970672] AppArmor: AppArmor sha1 policy hashing enabled
[    1.971935] ima: No TPM chip found, activating TPM-bypass! (rc=-19)
[    1.973459] evm: HMAC attrs: 0x1
[    1.974535]   Magic number: 2:701:175
[    1.975417] misc network_throughput: hash matches
[    1.976888] rtc_cmos rtc_cmos: setting system clock to 2018-09-12 11:09:37 UTC (1536750577)
[    1.979059] BIOS EDD facility v0.16 2004-Jun-25, 0 devices found
[    1.980658] EDD information not available.
[    1.985465] Freeing unused kernel memory: 2408K
[    2.024652] Write protecting the kernel read-only data: 20480k
[    2.748144] tsc: Refined TSC clocksource calibration: 2495.218 MHz
[    2.753916] clocksource: tsc: mask: 0xffffffffffffffff max_cycles: 0x23f79438bbf, max_idle_ns: 440795239288 ns
[    2.757066] Freeing unused kernel memory: 2008K
[    2.768462] Freeing unused kernel memory: 1900K
[    2.782989] x86/mm: Checked W+X mappings: passed, no W+X pages found.
[    2.786205] x86/mm: Checking user space page tables
[    2.793757] x86/mm: Checked W+X mappings: passed, no W+X pages found.
Loading, please wait...
starting version 237
[    2.911321] Fusion MPT base driver 3.04.20
[    2.918139] Copyright (c) 1999-2008 LSI Corporation
[    2.940017] e1000: Intel(R) PRO/1000 Network Driver - version 7.3.21-k8-NAPI
[    2.948278] e1000: Copyright (c) 1999-2006 Intel Corporation.
[    2.961365] AVX version of gcm_enc/dec engaged.
[    2.969153] AES CTR mode by8 optimization enabled
[    2.988323] Fusion MPT SPI Host driver 3.04.20
[    3.154165] input: ImExPS/2 Generic Explorer Mouse as /devices/platform/i8042/serio1/input/input4
[    3.393344] e1000 0000:00:03.0 eth0: (PCI:33MHz:32-bit) 02:75:ea:e5:af:29
[    3.399110] e1000 0000:00:03.0 eth0: Intel(R) PRO/1000 Network Connection
[    3.815867] e1000 0000:00:08.0 eth1: (PCI:33MHz:32-bit) 08:00:27:8d:c4:d2
[    3.820260] e1000 0000:00:08.0 eth1: Intel(R) PRO/1000 Network Connection
[    3.823927] e1000 0000:00:08.0 enp0s8: renamed from eth1
[    3.827728] mptbase: ioc0: Initiating bringup
[    3.845125] e1000 0000:00:03.0 enp0s3: renamed from eth0
[    3.928290] ioc0: LSI53C1030 A0: Capabilities={Initiator}
[    5.719459] scsi host2: ioc0: LSI53C1030 A0, FwRev=00000000h, Ports=1, MaxQ=256, IRQ=20
[    6.804688] scsi 2:0:0:0: Direct-Access     VBOX     HARDDISK         1.0  PQ: 0 ANSI: 5
[    6.880164] scsi target2:0:0: Beginning Domain Validation
[    6.887505] scsi target2:0:0: Domain Validation skipping write tests
[    6.890264] scsi target2:0:0: Ending Domain Validation
[    6.891545] scsi target2:0:0: asynchronous
[    6.893267] scsi 2:0:1:0: Direct-Access     VBOX     HARDDISK         1.0  PQ: 0 ANSI: 5
[    6.932190] scsi target2:0:1: Beginning Domain Validation
[    7.020654] random: fast init done
[    7.773754] scsi target2:0:1: Domain Validation skipping write tests
[    7.776531] scsi target2:0:1: Ending Domain Validation
[    7.777575] scsi target2:0:1: asynchronous
[    7.837356] random: systemd-udevd: uninitialized urandom read (16 bytes read)
[    7.919485] random: systemd-udevd: uninitialized urandom read (16 bytes read)
[    7.919506] sd 2:0:0:0: Attached scsi generic sg0 type 0
[    7.919764] sd 2:0:1:0: Attached scsi generic sg1 type 0
[    7.958747] random: systemd-udevd: uninitialized urandom read (16 bytes read)
[    7.958762] sd 2:0:0:0: [sda] 20971520 512-byte logical blocks: (10.7 GB/10.0 GiB)
[    7.960513] sd 2:0:1:0: [sdb] 20480 512-byte logical blocks: (10.5 MB/10.0 MiB)
[    7.960537] sd 2:0:0:0: [sda] Write Protect is off
[    7.962377] sd 2:0:1:0: [sdb] Write Protect is off
[    7.970094] sd 2:0:0:0: [sda] Incomplete mode parameter data
[    7.970096] sd 2:0:0:0: [sda] Assuming drive cache: write through
[    7.971568] sd 2:0:1:0: [sdb] Incomplete mode parameter data
[    7.971570] sd 2:0:1:0: [sdb] Assuming drive cache: write through
[    7.999002]  sda: sda1
[    8.000597] sd 2:0:0:0: [sda] Attached SCSI disk
[    8.004110] sd 2:0:1:0: [sdb] Attached SCSI disk
Begin: Loading essential drivers ... [    9.552224] raid6: sse2x1   gen()  7155 MB/s
[    9.600044] raid6: sse2x1   xor()  3448 MB/s
[    9.648529] raid6: sse2x2   gen()  8501 MB/s
[    9.700321] raid6: sse2x2   xor()  6083 MB/s
[    9.752177] raid6: sse2x4   gen() 10850 MB/s
[    9.804038] raid6: sse2x4   xor()  6445 MB/s
[    9.808441] raid6: using algorithm sse2x4 gen() 10850 MB/s
[    9.810002] raid6: .... xor() 6445 MB/s, rmw enabled
[    9.811190] raid6: using ssse3x2 recovery algorithm
[    9.814082] xor: automatically using best checksumming function   avx       
[    9.820363] async_tx: api initialized (async)
done.
Begin: Running /scripts/init-premount ... done.
Begin: Mounting root file system ... Begin: Running /scripts/local-top ... done.
Begin: Running[    9.897001] Btrfs loaded, crc32c=crc32c-intel
 /scripts/local-premount ... Scanning for Btrfs filesystems
done.
Warning: fsck not present, so skipping root file system
[    9.977139] EXT4-fs (sda1): mounted filesystem with ordered data mode. Opts: (null)
done.
Begin: Running /scripts/local-bottom ... done.
Begin: Running /scripts/init-bottom ... done.
[   11.850301] ip_tables: (C) 2000-2006 Netfilter Core Team
[   12.130478] random: crng init done
[   12.203627] random: 7 urandom warning(s) missed due to ratelimiting
[   12.526468] systemd[1]: systemd 237 running in system mode. (+PAM +AUDIT +SELINUX +IMA +APPARMOR +SMACK +SYSVINIT +UTMP +LIBCRYPTSETUP +GCRYPT +GNUTLS +ACL +XZ +LZ4 +SECCOMP +BLKID +ELFUTILS +KMOD -IDN2 +IDN -PCRE2 default-hierarchy=hybrid)
[   12.782501] systemd[1]: Detected virtualization oracle.
[   12.785151] systemd[1]: Detected architecture x86-64.

Welcome to [1mUbuntu 18.04.1 LTS[0m!

[   13.019482] systemd[1]: Set hostname to <ubuntu-bionic>.
[   14.956553] systemd[1]: Started Forward Password Requests to Wall Directory Watch.
[[0;32m  OK  [0m] Started Forward Password Requests to Wall Directory Watch.
[   15.074185] systemd[1]: Set up automount Arbitrary Executable File Formats File System Automount Point.
[[0;32m  OK  [0m] Set up automount Arbitrary Executab…rmats File System Automount Point.
[   15.078423] systemd[1]: Reached target User and Group Name Lookups.
[[0;32m  OK  [0m] Reached target User and Group Name Lookups.
[   15.083238] systemd[1]: Reached target Swap.
[[0;32m  OK  [0m] Reached target Swap.
[   15.088236] systemd[1]: Created slice System Slice.
[[0;32m  OK  [0m] Created slice System Slice.
[   15.098321] systemd[1]: Listening on Journal Socket (/dev/log).
[[0;32m  OK  [0m] Listening on Journal Socket (/dev/log).
[[0;32m  OK  [0m] Listening on Network Service Netlink Socket.
[[0;32m  OK  [0m] Listening on LVM2 poll daemon socket.
[[0;32m  OK  [0m] Listening on udev Control Socket.
[[0;32m  OK  [0m] Listening on LVM2 metadata daemon socket.
[[0;32m  OK  [0m] Listening on udev Kernel Socket.
[[0;32m  OK  [0m] Listening on Device-mapper event daemon FIFOs.
[[0;32m  OK  [0m] Listening on Journal Audit Socket.
[[0;32m  OK  [0m] Reached target System Time Synchronized.
[[0;32m  OK  [0m] Listening on /dev/initctl Compatibility Named Pipe.
[[0;32m  OK  [0m] Created slice system-serial\x2dgetty.slice.
[[0;32m  OK  [0m] Listening on Syslog Socket.
[[0;32m  OK  [0m] Created slice User and Session Slice.
[[0;32m  OK  [0m] Reached target Slices.
[[0;32m  OK  [0m] Listening on Journal Socket.
         Starting Uncomplicated firewall...
         Starting Create list of required st…ce nodes for the current kernel...
         Mounting Huge Pages File System...
         Starting Load Kernel Modules...
         Starting Monitoring of LVM2 mirrors…ng dmeventd or progress polling...
         Starting Remount Root and Kernel File Systems...
         Starting udev Coldplug all Devices...
         Mounting POSIX Message Queue File System...
         Starting Journal Service...
         Mounting Kernel Debug File System...
         Starting Set the console keyboard layout...
[[0;32m  OK  [0m] Started Uncomplicated firewall.
[[0;32m  OK  [[   15.545459] EXT4-fs (sda1): re-mounted. Opts: (null)
0m] Started Create list of required sta…vice nodes for the current kernel.
[[0;32m  OK  [0m] Mounted Huge Pages File System.
[[0;32m  OK  [0m] Started Remount Root and Kernel File Systems.
[[0;32m  OK  [0m] Mounted POSIX Message Queue File System.
[[0;32m  OK  [0m] Mounted Kernel Debug File System.
         Starting Load/Save Random Seed...
[   15.617438] Loading iSCSI transport class v2.0-870.
         Starting Initial cloud-init job (pre-networking)...
[   15.905414] iscsi: registered transport (tcp)
         Starting Create Static Device Nodes in /dev...
[[0;32m  OK  [0m] Started Journal Service.
[[0;32m  OK  [0m] Started udev Coldplug all Devices.
         Starting Flush Journal to Persistent Storage...
[[0;32m  OK  [0m] Started LVM2 metadata daemon.
[[0;32m  OK  [0m] Started Load/Save Random Seed.
[   16.244414] iscsi: registered transport (iser)
[[0;32m  OK  [0m] Started Load Kernel Modules.
         Mounting Kernel Configuration File System...
         Mounting FUSE Control File System...
         Starting Apply Kernel Variables...
[[0;32m  OK  [0m] Mounted Kernel Configuration File System.
[[0;32m  OK  [0m] Mounted FUSE Control File System.
[   16.328934] systemd-journald[391]: Received request to flush runtime journal from PID 1
[[0;32m  OK  [0m] Started Create Static Device Nodes in /dev.
         Starting udev Kernel Device Manager...
[[0;32m  OK  [0m] Started Monitoring of LVM2 mirrors,…sing dmeventd or progress polling.
[[0;32m  OK  [0m] Started Apply Kernel Variables.
[[0;32m  OK  [0m] Started Set the console keyboard layout.
[[0;32m  OK  [0m] Reached target Local File Systems (Pre).
[[0;32m  OK  [0m] Reached target Local File Systems.
         Starting ebtables ruleset management...
         Starting Set console font and keymap...
         Starting AppArmor initialization...
         Starting Tell Plymouth To Write Out Runtime Data...
[[0;32m  OK  [0m] Started Set console font and keymap.
[[0;32m  OK  [0m] Started Tell Plymouth To Write Out Runtime Data.
[[0;32m  OK  [0m] Started udev Kernel Device Manager.
[[0;32m  OK  [0m] Started Dispatch Password Requests to Console Directory Watch.
[[0;32m  OK  [0m] Reached target Local Encrypted Volumes.
[[0;32m  OK  [0m] Found device /dev/ttyS0.
[[0;32m  OK  [0m] Listening on Load/Save RF Kill Switch Status /dev/rfkill Watch.
[[0;32m  OK  [0m] Started Flush Journal to Persistent Storage.
         Starting Create Volatile Files and Directories...
[[0;32m  OK  [0m] Started ebtables ruleset management.
[[0;32m  OK  [0m] Started Create Volatile Files and Directories.
         Starting Update UTMP about System Boot/Shutdown...
[[0;32m  OK  [0m] Started Update UTMP about System Boot/Shutdown.
[[0;32m  OK  [0m] Started AppArmor initialization.
[   25.462665] cloud-init[398]: Cloud-init v. 18.3-9-g2e62cb8a-0ubuntu1~18.04.2 running 'init-local' at Wed, 12 Sep 2018 11:10:00 +0000. Up 24.85 seconds.
[[0;32m  OK  [0m] Started Initial cloud-init job (pre-networking).
[[0;32m  OK  [0m] Reached target Network (Pre).
         Starting Network Service...
[[0;32m  OK  [0m] Started Network Service.
         Starting Network Name Resolution...
         Starting Wait for Network to be Configured...
[[0;32m  OK  [0m] Started Network Name Resolution.
[[0;32m  OK  [0m] Reached target Host and Network Name Lookups.
[[0;32m  OK  [0m] Reached target Network.
[[0;32m  OK  [0m] Started Wait for Network to be Configured.
         Starting Initial cloud-init job (metadata service crawler)...
[   29.494103] cloud-init[658]: Cloud-init v. 18.3-9-g2e62cb8a-0ubuntu1~18.04.2 running 'init' at Wed, 12 Sep 2018 11:10:03 +0000. Up 28.16 seconds.
[   29.533227] cloud-init[658]: ci-info: ++++++++++++++++++++++++++++++++++++++Net device info+++++++++++++++++++++++++++++++++++++++
[   29.559803] cloud-init[658]: ci-info: +--------+------+-----------------------------+---------------+--------+-------------------+
[[0;32m  OK  [0m] Started Initial cloud-init job (metadata service crawler).
[[0;32m  OK  [0m] Reached target System Initialization.
[   29.606883] cloud-init[658]: ci-info: | Device |  Up  |           Address           |      Mask     | Scope  |     Hw-Address    |
[   29.624533] cloud-init[658]: ci-info: +--------+------+-----------------------------+---------------+--------+-------------------+
[   29.628387] cloud-init[658]: ci-info: | enp0s3 | True |          10.0.2.15          | 255.255.255.0 | global | 02:75:ea:e5:af:29 |
[   29.630430] cloud-init[658]: ci-info: | enp0s3 | True |  fe80::75:eaff:fee5:af29/64 |       .       |  link  | 02:75:ea:e5:af:29 |
[   29.633188] cloud-init[658]: ci-info: | enp0s8 | True |        192.168.33.10        | 255.255.255.0 | global | 08:00:27:8d:c4:d2 |
[   29.648146] cloud-init[658]: ci-info: | enp0s8 | True | fe80::a00:27ff:fe8d:c4d2/64 |       .       |  link  | 08:00:27:8d:c4:d2 |
[   29.653218] cloud-init[658]: ci-info: |   lo   | True |          127.0.0.1          |   255.0.0.0   |  host  |         .         |
[   29.657087] cloud-init[658]: ci-info: |   lo   | True |           ::1/128           |       .       |  host  |         .         |
[   29.659174] cloud-init[658]: ci-info: +--------+------+-----------------------------+---------------+--------+-------------------+
[   29.662280] cloud-init[658]: ci-info: +++++++++++++++++++++++++++++Route IPv4 info+++++++++++++++++++++++++++++
[   29.664165] cloud-init[658]: ci-info: +-------+--------------+----------+-----------------+-----------+-------+
[   29.666683] cloud-init[658]: ci-info: | Route | Destination  | Gateway  |     Genmask     | Interface | Flags |
[   29.692658] cloud-init[658]: ci-info: +-------+--------------+----------+-----------------+-----------+-------+
[[0;32m  OK  [0m] Started Daily apt download activities.
[[0;32m  OK  [0m] Started Daily apt upgrade and clean activities.
[   29.800089] [[0;32m  OK  [0m] Started Discard unused blocks once a week.
[[0;32m  OK  [0m] Listening on ACPID Listen Socket.
[[0;32m  OK  [0m] Started Daily Cleanup of Temporary Directories.
cloud-init[658]: ci-info: |   0   |   0.0.0.0    | 10.0.2.2 |     0.0.0.0     |   enp0s3  |   UG  |
[[   30.167708] cloud-init[658]: ci-info: |   1   |   10.0.2.0   | 0.0.0.0  |  255.255.255.0  |   enp0s3  |   U   |
[   30.169198] cloud-init[658]: ci-info: |   2   |   10.0.2.2   | 0.0.0.0  | 255.255.255.255 |   enp0s3  |   UH  |
[0;32m  OK  [0m] Listening on UUID daemon activation socket.
[   30.169523] cloud-init[658]: ci-info: |   3   | 192.168.33.0 | 0.0.0.0  |  255.255.255.0  |   enp0s8  |   U   |
[   30.402026] cloud-init[658]: ci-info: +-------+--------------+----------+-----------------+-----------+-------+
         Starting LXD - unix socket.[   30.439826] 
cloud-init[658]: ci-info: +++++++++++++++++++Route IPv6 info+++++++++++++++++++
[   30.456592] cloud-init[658]: ci-info: +-------+-------------+---------+-----------+-------+
[[   30.467540] cloud-init[658]: ci-info: | Route | Destination | Gateway | Interface | Flags |
[   30.467744] cloud-init[658]: ci-info: +-------+-------------+---------+-----------+-------+
[   30.468492] cloud-init[658]: ci-info: |   1   |  fe80::/64  |    ::   |   enp0s8  |   U   |
[0;32m  OK  [0m] Started ACPI Events Check.
[   30.469235] cloud-init[658]: ci-info: |   2   |  fe80::/64  |    ::   |   enp0s3  |   U   |
         [   30.495786] cloud-init[658]: ci-info: |   4   |    local    |    ::   |   enp0s3  |   U   |
[   30.496139] cloud-init[658]: ci-info: |   5   |    local    |    ::   |   enp0s8  |   U   |
[   30.496861] cloud-init[658]: ci-info: |   6   |   ff00::/8  |    ::   |   enp0s8  |   U   |
[   30.497959] cloud-init[658]: ci-info: |   7   |   ff00::/8  |    ::   |   enp0s3  |   U   |
Starting Socket activation for snappy daemon.
[   30.498216] [[0;32m  OK  [0m] Reached target Paths.
[[0;32m  OK  [0m] Started Message of the Day.
[[0;32m  OK  [0m] Reached target Timers.
cloud-init[658]: ci-info: +-------+-------------+---------+-----------+-------+
[[0;32m  OK  [0m] Listening on D-Bus System Message Bus Socket.
[[0;32m  OK  [0m] Reached target Network is Online.
         Starting iSCSI initiator daemon (iscsid)...
[[0;32m  OK  [0m] Reached target Cloud-config availability.
[[0;32m  OK  [0m] Listening on LXD - unix socket.
[[0;32m  OK  [0m] Listening on Socket activation for snappy daemon.
[[0;32m  OK  [0m] Reached target Sockets.
[[0;32m  OK  [0m] Reached target Basic System.
[[0;32m  OK  [0m] Started irqbalance daemon.
[[0;32m  OK  [0m] Started FUSE filesystem for LXC.
[[0;32m  OK  [0m] Started Deferred execution scheduler.
         Starting LSB: Record successful boot for GRUB...
         Starting LXD - container startup/shutdown...
[[0;32m  OK  [0m] Started Regular background program processing daemon.
[[0;32m  OK  [0m] Started D-Bus System Message Bus.
         Starting Login Service...
[[0;32m  OK  [0m] Started Unattended Upgrades Shutdown.
         Starting Accounts Service...
         Starting vboxadd.service...
         Starting System Logging Service...
         Starting Dispatcher daemon for systemd-networkd...
         Starting Snappy daemon...
         Starting OpenBSD Secure Shell server...
[[0;32m  OK  [0m] Started Login Service.
[[0;32m  OK  [0m] Started System Logging Service.
         Starting Authorization Manager...
[[0;32m  OK  [0m] Started iSCSI initiator daemon (iscsid).
         Starting Availability of block devices...
[[0;32m  OK  [0m] Reached target Remote File Systems (Pre).
[[0;32m  OK  [0m] Reached target Remote File Systems.
         Starting Permit User Sessions...
         Starting LSB: automatic crash report generation...
[[0;32m  OK  [0m] Started Availability of block devices.
[[0;32m  OK  [0m] Started LSB: Record successful boot for GRUB.
[[0;32m  OK  [0m] Started Permit User Sessions.
         Starting Hold until boot process finishes up...
         Starting Terminate Plymouth Boot Screen...
[[0;32m  OK  [0m] Started Hold until boot process finishes up.
[[0;32m  OK  [0m] Started Terminate Plymouth Boot Screen.
         Starting Set console scheme...
[[0;32m  OK  [0m] Started Serial Getty on ttyS0.
[[0;32m  OK  [0m] Started Authorization Manager.
[[0;32m  OK  [0m] Started Accounts Service.
[[0;32m  OK  [0m] Started Set console scheme.
[[0;32m  OK  [0m] Created slice system-getty.slice.
[[0;32m  OK  [0m] Started Getty on tty1.
[[0;32m  OK  [0m] Reached target Login Prompts.
[[0;32m  OK  [0m] Started LSB: automatic crash report generation.
[[0;32m  OK  [0m] Started vboxadd.service.
         Starting vboxadd-service.service...
[[0;32m  OK  [0m] Started Dispatcher daemon for systemd-networkd.
[[0;32m  OK  [0m] Started OpenBSD Secure Shell server.
[[0;32m  OK  [0m] Started vboxadd-service.service.
[[0;32m  OK  [0m] Started Snappy daemon.
         Starting Wait until snapd is fully seeded...
[[0;32m  OK  [0m] Created slice User Slice of vagrant.
[[0;32m  OK  [0m] Started Wait until snapd is fully seeded.
[[0;32m  OK  [0m] Started Session 1 of user vagrant.
         Starting Apply the settings specified in cloud-config...
         Starting User Manager for UID 1000...
[[0;32m  OK  [0m] Started LXD - container startup/shutdown.
[[0;32m  OK  [0m] Reached target Multi-User System.
[[0;32m  OK  [0m] Reached target Graphical Interface.
         Starting Update UTMP about System Runlevel Changes...
[[0;32m  OK  [0m] Started Update UTMP about System Runlevel Changes.
[[0;32m  OK  [0m] Started User Manager for UID 1000.
[   37.917807] cloud-init[1231]: Cloud-init v. 18.3-9-g2e62cb8a-0ubuntu1~18.04.2 running 'modules:config' at Wed, 12 Sep 2018 11:10:13 +0000. Up 37.61 seconds.
[[0;32m  OK  [0m] Started Apply the settings specified in cloud-config.
         Starting Execute cloud user/final scripts...
[   38.780992] cloud-init[1329]: Cloud-init v. 18.3-9-g2e62cb8a-0ubuntu1~18.04.2 running 'modules:final' at Wed, 12 Sep 2018 11:10:14 +0000. Up 38.55 seconds.
[   38.819449] cloud-init[1329]: Cloud-init v. 18.3-9-g2e62cb8a-0ubuntu1~18.04.2 finished at Wed, 12 Sep 2018 11:10:14 +0000. Datasource DataSourceNoCloud [seed=/dev/sdb][dsmode=net].  Up 38.77 seconds
[[0;32m  OK  [0m] Started Execute cloud user/final scripts.
[[0;32m  OK  [0m] Reached target Cloud-init target.

Ubuntu 18.04.1 LTS ubuntu-bionic ttyS0

ubuntu-bionic login: 